# JRE version: Java(TM) SE Runtime Environment (8.0_144-b01) (build 1.8.0_144-b01)
# Java VM: Java HotSpot(TM) 64-Bit Server VM (25.144-b01 mixed mode windows-amd64 compressed oops)
Heap:
 PSYoungGen      total 149504K, used 45835K [0x000000076ab00000, 0x0000000777800000, 0x00000007c0000000)
  eden space 123392K, 37% used [0x000000076ab00000,0x000000076d7c2c38,0x0000000772380000)
  from space 26112K, 0% used [0x0000000772380000,0x0000000772380000,0x0000000773d00000)
  to   space 32768K, 0% used [0x0000000775800000,0x0000000775800000,0x0000000777800000)
 ParOldGen       total 132096K, used 50614K [0x00000006c0000000, 0x00000006c8100000, 0x000000076ab00000)
  object space 132096K, 38% used [0x00000006c0000000,0x00000006c316da40,0x00000006c8100000)
 Metaspace       used 37150K, capacity 37958K, committed 38016K, reserved 1083392K
  class space    used 4205K, capacity 4437K, committed 4480K, reserved 1048576K
GC Heap History (10 events):
Event: 6.765 GC heap before
{Heap before GC invocations=5 (full 0):
 PSYoungGen      total 76288K, used 43794K [0x000000076ab00000, 0x0000000774000000, 0x00000007c0000000)
  eden space 65536K, 50% used [0x000000076ab00000,0x000000076cb48468,0x000000076eb00000)
  from space 10752K, 99% used [0x0000000773580000,0x0000000773ffc3c0,0x0000000774000000)
  to   space 10752K, 0% used [0x000000076eb00000,0x000000076eb00000,0x000000076f580000)
 ParOldGen       total 175104K, used 4974K [0x00000006c0000000, 0x00000006cab00000, 0x000000076ab00000)
  object space 175104K, 2% used [0x00000006c0000000,0x00000006c04dbaa8,0x00000006cab00000)
 Metaspace       used 20488K, capacity 21138K, committed 21296K, reserved 1069056K
  class space    used 2418K, capacity 2601K, committed 2688K, reserved 1048576K
Event: 6.783 GC heap after
Heap after GC invocations=5 (full 0):
 PSYoungGen      total 76288K, used 10736K [0x000000076ab00000, 0x0000000775800000, 0x00000007c0000000)
  eden space 65536K, 0% used [0x000000076ab00000,0x000000076ab00000,0x000000076eb00000)
  from space 10752K, 99% used [0x000000076eb00000,0x000000076f57c3f0,0x000000076f580000)
  to   space 23040K, 0% used [0x0000000774180000,0x0000000774180000,0x0000000775800000)
 ParOldGen       total 175104K, used 15638K [0x00000006c0000000, 0x00000006cab00000, 0x000000076ab00000)
  object space 175104K, 8% used [0x00000006c0000000,0x00000006c0f45950,0x00000006cab00000)
 Metaspace       used 20488K, capacity 21138K, committed 21296K, reserved 1069056K
  class space    used 2418K, capacity 2601K, committed 2688K, reserved 1048576K
}
Event: 6.783 GC heap before
{Heap before GC invocations=6 (full 1):
 PSYoungGen      total 76288K, used 10736K [0x000000076ab00000, 0x0000000775800000, 0x00000007c0000000)
  eden space 65536K, 0% used [0x000000076ab00000,0x000000076ab00000,0x000000076eb00000)
  from space 10752K, 99% used [0x000000076eb00000,0x000000076f57c3f0,0x000000076f580000)
  to   space 23040K, 0% used [0x0000000774180000,0x0000000774180000,0x0000000775800000)
 ParOldGen       total 175104K, used 15638K [0x00000006c0000000, 0x00000006cab00000, 0x000000076ab00000)
  object space 175104K, 8% used [0x00000006c0000000,0x00000006c0f45950,0x00000006cab00000)
 Metaspace       used 20488K, capacity 21138K, committed 21296K, reserved 1069056K
  class space    used 2418K, capacity 2601K, committed 2688K, reserved 1048576K
Event: 6.882 GC heap after
Heap after GC invocations=6 (full 1):
 PSYoungGen      total 76288K, used 0K [0x000000076ab00000, 0x0000000775800000, 0x00000007c0000000)
  eden space 65536K, 0% used [0x000000076ab00000,0x000000076ab00000,0x000000076eb00000)
  from space 10752K, 0% used [0x000000076eb00000,0x000000076eb00000,0x000000076f580000)
  to   space 23040K, 0% used [0x0000000774180000,0x0000000774180000,0x0000000775800000)
 ParOldGen       total 132096K, used 23450K [0x00000006c0000000, 0x00000006c8100000, 0x000000076ab00000)
  object space 132096K, 17% used [0x00000006c0000000,0x00000006c16e6b00,0x00000006c8100000)
 Metaspace       used 20488K, capacity 21138K, committed 21296K, reserved 1069056K
  class space    used 2418K, capacity 2601K, committed 2688K, reserved 1048576K
}
Event: 8.059 GC heap before
{Heap before GC invocations=7 (full 1):
 PSYoungGen      total 76288K, used 65536K [0x000000076ab00000, 0x0000000775800000, 0x00000007c0000000)
  eden space 65536K, 100% used [0x000000076ab00000,0x000000076eb00000,0x000000076eb00000)
  from space 10752K, 0% used [0x000000076eb00000,0x000000076eb00000,0x000000076f580000)
  to   space 23040K, 0% used [0x0000000774180000,0x0000000774180000,0x0000000775800000)
 ParOldGen       total 132096K, used 23450K [0x00000006c0000000, 0x00000006c8100000, 0x000000076ab00000)
  object space 132096K, 17% used [0x00000006c0000000,0x00000006c16e6b00,0x00000006c8100000)
 Metaspace       used 25931K, capacity 26622K, committed 26880K, reserved 1073152K
  class space    used 3015K, capacity 3217K, committed 3328K, reserved 1048576K
Event: 8.071 GC heap after
Heap after GC invocations=7 (full 1):
 PSYoungGen      total 118784K, used 21131K [0x000000076ab00000, 0x0000000775680000, 0x00000007c0000000)
  eden space 97280K, 0% used [0x000000076ab00000,0x000000076ab00000,0x0000000770a00000)
  from space 21504K, 98% used [0x0000000774180000,0x0000000775622c78,0x0000000775680000)
  to   space 26112K, 0% used [0x0000000772380000,0x0000000772380000,0x0000000773d00000)
 ParOldGen       total 132096K, used 23458K [0x00000006c0000000, 0x00000006c8100000, 0x000000076ab00000)
  object space 132096K, 17% used [0x00000006c0000000,0x00000006c16e8b00,0x00000006c8100000)
 Metaspace       used 25931K, capacity 26622K, committed 26880K, reserved 1073152K
  class space    used 3015K, capacity 3217K, committed 3328K, reserved 1048576K
}
Event: 9.034 GC heap before
{Heap before GC invocations=8 (full 1):
 PSYoungGen      total 118784K, used 73074K [0x000000076ab00000, 0x0000000775680000, 0x00000007c0000000)
  eden space 97280K, 53% used [0x000000076ab00000,0x000000076ddb9ec8,0x0000000770a00000)
  from space 21504K, 98% used [0x0000000774180000,0x0000000775622c78,0x0000000775680000)
  to   space 26112K, 0% used [0x0000000772380000,0x0000000772380000,0x0000000773d00000)
 ParOldGen       total 132096K, used 23458K [0x00000006c0000000, 0x00000006c8100000, 0x000000076ab00000)
  object space 132096K, 17% used [0x00000006c0000000,0x00000006c16e8b00,0x00000006c8100000)
 Metaspace       used 34515K, capacity 35334K, committed 35456K, reserved 1081344K
  class space    used 3879K, capacity 4117K, committed 4224K, reserved 1048576K
Event: 9.048 GC heap after
Heap after GC invocations=8 (full 1):
 PSYoungGen      total 149504K, used 26089K [0x000000076ab00000, 0x0000000777800000, 0x00000007c0000000)
  eden space 123392K, 0% used [0x000000076ab00000,0x000000076ab00000,0x0000000772380000)
  from space 26112K, 99% used [0x0000000772380000,0x0000000773cfa510,0x0000000773d00000)
  to   space 32768K, 0% used [0x0000000775800000,0x0000000775800000,0x0000000777800000)
 ParOldGen       total 132096K, used 27970K [0x00000006c0000000, 0x00000006c8100000, 0x000000076ab00000)
  object space 132096K, 21% used [0x00000006c0000000,0x00000006c1b50810,0x00000006c8100000)
 Metaspace       used 34515K, capacity 35334K, committed 35456K, reserved 1081344K
  class space    used 3879K, capacity 4117K, committed 4224K, reserved 1048576K
}
Event: 9.048 GC heap before
{Heap before GC invocations=9 (full 2):
 PSYoungGen      total 149504K, used 26089K [0x000000076ab00000, 0x0000000777800000, 0x00000007c0000000)
  eden space 123392K, 0% used [0x000000076ab00000,0x000000076ab00000,0x0000000772380000)
  from space 26112K, 99% used [0x0000000772380000,0x0000000773cfa510,0x0000000773d00000)
  to   space 32768K, 0% used [0x0000000775800000,0x0000000775800000,0x0000000777800000)
 ParOldGen       total 132096K, used 27970K [0x00000006c0000000, 0x00000006c8100000, 0x000000076ab00000)
  object space 132096K, 21% used [0x00000006c0000000,0x00000006c1b50810,0x00000006c8100000)
 Metaspace       used 34515K, capacity 35334K, committed 35456K, reserved 1081344K
  class space    used 3879K, capacity 4117K, committed 4224K, reserved 1048576K
Event: 9.136 GC heap after
Heap after GC invocations=9 (full 2):
 PSYoungGen      total 149504K, used 0K [0x000000076ab00000, 0x0000000777800000, 0x00000007c0000000)
  eden space 123392K, 0% used [0x000000076ab00000,0x000000076ab00000,0x0000000772380000)
  from space 26112K, 0% used [0x0000000772380000,0x0000000772380000,0x0000000773d00000)
  to   space 32768K, 0% used [0x0000000775800000,0x0000000775800000,0x0000000777800000)
 ParOldGen       total 132096K, used 50614K [0x00000006c0000000, 0x00000006c8100000, 0x000000076ab00000)
  object space 132096K, 38% used [0x00000006c0000000,0x00000006c316da40,0x00000006c8100000)
 Metaspace       used 34515K, capacity 35334K, committed 35456K, reserved 1081344K
  class space    used 3879K, capacity 4117K, committed 4224K, reserved 1048576K
}

